build/outputs/logs/manifest-merger-debug-report.txt
-- Merging decision tree log ---
manifest
ADDED from src/main/AndroidManifest.xml:2:1-68:12
	xmlns:android
		ADDED from src/main/AndroidManifest.xml:2:11-69
	package
		ADDED from src/main/AndroidManifest.xml:5:5-35
		INJECTED from src/main/AndroidManifest.xml
		INJECTED from src/main/AndroidManifest.xml
	android:versionName
		ADDED from src/main/AndroidManifest.xml:4:5-30
		INJECTED from src/main/AndroidManifest.xml
		INJECTED from src/main/AndroidManifest.xml
	android:versionCode
		ADDED from src/main/AndroidManifest.xml:3:5-28
		INJECTED from src/main/AndroidManifest.xml
		INJECTED from src/main/AndroidManifest.xml
uses-permission#android.permission.INTERNET
ADDED from src/main/AndroidManifest.xml:7:5-67
	android:name
		ADDED from src/main/AndroidManifest.xml:7:22-64
uses-permission#android.permission.ACCESS_NETWORK_STATE
ADDED from src/main/AndroidManifest.xml:8:5-79
	android:name
		ADDED from src/main/AndroidManifest.xml:8:22-76
application
ADDED from src/main/AndroidManifest.xml:10:5-66:19
MERGED from [com.android.support:appcompat-v7:23.0.1] AndroidManifest.xml:22:5-20
MERGED from [com.android.support:support-v4:23.0.1] AndroidManifest.xml:22:5-20
	android:label
		ADDED from src/main/AndroidManifest.xml:13:9-41
	android:allowBackup
		ADDED from src/main/AndroidManifest.xml:11:9-35
	android:icon
		ADDED from src/main/AndroidManifest.xml:12:9-38
	android:theme
		ADDED from src/main/AndroidManifest.xml:14:9-40
activity#com.koins.physicsbot.MainActivity
ADDED from src/main/AndroidManifest.xml:15:9-23:20
	android:label
		ADDED from src/main/AndroidManifest.xml:17:13-45
	android:name
		ADDED from src/main/AndroidManifest.xml:16:13-41
intent-filter#android.intent.action.MAIN+android.intent.category.LAUNCHER
ADDED from src/main/AndroidManifest.xml:18:13-22:29
action#android.intent.action.MAIN
ADDED from src/main/AndroidManifest.xml:19:17-69
	android:name
		ADDED from src/main/AndroidManifest.xml:19:25-66
category#android.intent.category.LAUNCHER
ADDED from src/main/AndroidManifest.xml:21:17-77
	android:name
		ADDED from src/main/AndroidManifest.xml:21:27-74
activity#com.koins.physicsbot.Kinematics
ADDED from src/main/AndroidManifest.xml:24:9-26:20
	android:name
		ADDED from src/main/AndroidManifest.xml:25:13-39
activity#com.koins.physicsbot.GetKinematicsVariables
ADDED from src/main/AndroidManifest.xml:27:9-29:20
	android:name
		ADDED from src/main/AndroidManifest.xml:28:13-51
activity#com.koins.physicsbot.KinematicsSolve
ADDED from src/main/AndroidManifest.xml:30:9-32:20
	android:name
		ADDED from src/main/AndroidManifest.xml:31:13-44
activity#com.koins.physicsbot.Holder
ADDED from src/main/AndroidManifest.xml:33:9-35:20
	android:name
		ADDED from src/main/AndroidManifest.xml:34:13-35
activity#com.koins.physicsbot.Directions
ADDED from src/main/AndroidManifest.xml:36:9-38:20
	android:name
		ADDED from src/main/AndroidManifest.xml:37:13-39
activity#com.koins.physicsbot.Electricity
ADDED from src/main/AndroidManifest.xml:39:9-41:20
	android:name
		ADDED from src/main/AndroidManifest.xml:40:13-40
activity#com.koins.physicsbot.FigureOutElectricityVariable
ADDED from src/main/AndroidManifest.xml:42:9-44:20
	android:name
		ADDED from src/main/AndroidManifest.xml:43:13-57
activity#com.koins.physicsbot.ElectricitySolve
ADDED from src/main/AndroidManifest.xml:45:9-47:20
	android:name
		ADDED from src/main/AndroidManifest.xml:46:13-45
activity#com.koins.physicsbot.Magnetism
ADDED from src/main/AndroidManifest.xml:48:9-50:20
	android:name
		ADDED from src/main/AndroidManifest.xml:49:13-38
activity#com.koins.physicsbot.FigureOutMagnetismVariable
ADDED from src/main/AndroidManifest.xml:51:9-53:20
	android:name
		ADDED from src/main/AndroidManifest.xml:52:13-55
activity#com.koins.physicsbot.MagnetismSolve
ADDED from src/main/AndroidManifest.xml:54:9-56:20
	android:name
		ADDED from src/main/AndroidManifest.xml:55:13-43
activity#com.koins.physicsbot.Mechanics
ADDED from src/main/AndroidManifest.xml:57:9-59:20
	android:name
		ADDED from src/main/AndroidManifest.xml:58:13-38
activity#com.koins.physicsbot.FigureOutMechanicsVariable
ADDED from src/main/AndroidManifest.xml:60:9-62:20
	android:name
		ADDED from src/main/AndroidManifest.xml:61:13-55
activity#com.koins.physicsbot.MechanicsSolve
ADDED from src/main/AndroidManifest.xml:63:9-65:20
	android:name
		ADDED from src/main/AndroidManifest.xml:64:13-43
uses-sdk
INJECTED from src/main/AndroidManifest.xml reason: use-sdk injection requested
MERGED from [com.android.support:appcompat-v7:23.0.1] AndroidManifest.xml:20:5-43
MERGED from [com.android.support:support-v4:23.0.1] AndroidManifest.xml:20:5-43
	android:targetSdkVersion
		INJECTED from src/main/AndroidManifest.xml
		INJECTED from src/main/AndroidManifest.xml
	android:minSdkVersion
		INJECTED from src/main/AndroidManifest.xml
		INJECTED from src/main/AndroidManifest.xml